Godot Engine v4.3.stable.mono.official.77dcf97d8 - https://godotengine.org
Vulkan 1.2.283 - Forward+ - Using Device #0: Apple - Apple M4

Info (GoTest): > ^^ >> Started testing! :3
Info (GoTest): > ^^ >> GameTest > Test suite started! :3
USER ERROR: Cannot open file 'res://src/Game.tscn'.
   at: load (scene/resources/resource_format_text.cpp:1367)
USER ERROR: Failed loading resource: res://src/Game.tscn. Make sure resources have been imported by opening the project in the editor at least once.
   at: _load (core/io/resource_loader.cpp:284)
USER ERROR: Error loading resource: 'res://src/Game.tscn'.
   at: load (core/core_bind.cpp:74)
Info (GoTest): > !! >> GameTest::Setup [SetupAll] > Test failed! :(
Info (GoTest): > ^^ >> GameTest::TestButtonUpdatesCounter [Test] > Test started! :3
Info (GoTest): > !! >> GameTest::TestButtonUpdatesCounter [Test] > Test failed! :(
Info (GoTest): > !! >> GameTest > Test suite error. Aborting! :(
Info (GoTest): > ^^ >> BlockLogicTest > Test suite started! :3
Info (GoTest): > ^^ >> BlockLogicTest::TestInitialState [Test] > Test started! :3
Info (GoTest): > !! >> BlockLogicTest::TestInitialState [Test] > Test failed! :(
Info (GoTest): > ^^ >> BlockLogicTest::TestClickTransition [Test] > Test started! :3
Info (GoTest): > !! >> BlockLogicTest::TestClickTransition [Test] > Test failed! :(
Info (GoTest): > !! >> BlockLogicTest > Test suite error. Aborting! :(
Info (GoTest): > !! >> Finished testing! :(
Info (GoTest): > !! >> GameTest::Setup [SetupAll] > Error occurred: Could not load scene from path, it very likely does not exist: res://src/Game.tscn
 Error: 0 : Error (GoTest): Exception:
 Error: 0 : Error (GoTest): System.ArgumentException: Could not load scene from path, it very likely does not exist: res://src/Game.tscn
   at Chickensoft.GodotTestDriver.Fixture.LoadScene[T](String path, Boolean autoFree)
   at Chickensoft.GodotTestDriver.Fixture.LoadScene[T](Boolean autoFree)
   at Chickensoft.GodotTestDriver.Fixture.LoadAndAddScene[T](Boolean autoFree, Boolean autoRemoveFromRoot)
   at f.Test.GameTest.Setup() in /Users/djkoehn/Documents/f/test/src/GameTest.cs:line 21
   at Chickensoft.GoDotTest.TestMethod.Invoke(TestClass testInstance)
   at Chickensoft.GoDotTest.TestMethod.Invoke(TestClass testInstance, Int32 timeoutMilliseconds)
   at Chickensoft.GoDotTest.TestMethodExecutor.Run(ITestMethod method, TestClass instance, Int32 timeoutMilliseconds)
   at Chickensoft.GoDotTest.TestExecutor.Run(Node sceneRoot, ITestSuite suite, ITestReporter reporter)
Info (GoTest): > !! >> GameTest::TestButtonUpdatesCounter [Test] > Error occurred: Object reference not set to an instance of an object.
 Error: 0 : Error (GoTest): Exception:
 Error: 0 : Error (GoTest): System.NullReferenceException: Object reference not set to an instance of an object.
   at f.Test.GameTest.<TestButtonUpdatesCounter>b__5_0() in /Users/djkoehn/Documents/f/test/src/GameTest.cs:line 30
   at Chickensoft.GodotTestDriver.Drivers.NodeDriver`1.get_Root()
   at Chickensoft.GodotTestDriver.Drivers.NodeDriver`1.get_PresentRoot()
   at Chickensoft.GodotTestDriver.Drivers.BaseButtonDriver`1.get_Disabled()
   at Chickensoft.GodotTestDriver.Drivers.BaseButtonDriver`1.ClickCenter(MouseButton button)
   at f.Test.GameTest.TestButtonUpdatesCounter() in /Users/djkoehn/Documents/f/test/src/GameTest.cs:line 31
   at System.RuntimeMethodHandle.InvokeMethod(Object target, Void** arguments, Signature sig, Boolean isConstructor)
   at System.Reflection.MethodBaseInvoker.InvokeWithNoArgs(Object obj, BindingFlags invokeAttr)
Info (GoTest): > !! >> BlockLogicTest::TestInitialState [Test] > Error occurred: Data of type f.Utils.TempBlockLogic.TempBlockLogic+State+InToolbar not found in the blackboard.
 Error: 0 : Error (GoTest): Exception:
 Error: 0 : Error (GoTest): System.Collections.Generic.KeyNotFoundException: Data of type f.Utils.TempBlockLogic.TempBlockLogic+State+InToolbar not found in the blackboard.
   at Chickensoft.Serialization.SerializableBlackboard.GetBlackboardData(Type type)
   at Chickensoft.LogicBlocks.LogicBlock`1.DefaultContext.Get[TDataType]()
   at Chickensoft.LogicBlocks.LogicBlock`1.To[TStateType]()
   at f.Utils.TempBlockLogic.TempBlockLogic.GetInitialState() in /Users/djkoehn/Documents/f/src/Utils/TempBlockLogic/TempBlockLogic.cs:line 8
   at Chickensoft.LogicBlocks.LogicBlock`1.ProcessInputs[TInputType](Nullable`1 input)
   at Chickensoft.LogicBlocks.LogicBlock`1.Start()
   at f.Test.Blocks.BlockLogicTest.TestInitialState() in /Users/djkoehn/Documents/f/test/src/Blocks/BlockLogicTest.cs:line 24
   at System.RuntimeMethodHandle.InvokeMethod(Object target, Void** arguments, Signature sig, Boolean isConstructor)
   at System.Reflection.MethodBaseInvoker.InvokeWithNoArgs(Object obj, BindingFlags invokeAttr)
Info (GoTest): > !! >> BlockLogicTest::TestClickTransition [Test] > Error occurred: Data of type f.Utils.TempBlockLogic.TempBlockLogic+State+InToolbar not found in the blackboard.
 Error: 0 : Error (GoTest): Exception:
 Error: 0 : Error (GoTest): System.Collections.Generic.KeyNotFoundException: Data of type f.Utils.TempBlockLogic.TempBlockLogic+State+InToolbar not found in the blackboard.
   at Chickensoft.Serialization.SerializableBlackboard.GetBlackboardData(Type type)
   at Chickensoft.LogicBlocks.LogicBlock`1.DefaultContext.Get[TDataType]()
   at Chickensoft.LogicBlocks.LogicBlock`1.To[TStateType]()
   at f.Utils.TempBlockLogic.TempBlockLogic.GetInitialState() in /Users/djkoehn/Documents/f/src/Utils/TempBlockLogic/TempBlockLogic.cs:line 8
   at Chickensoft.LogicBlocks.LogicBlock`1.ProcessInputs[TInputType](Nullable`1 input)
   at Chickensoft.LogicBlocks.LogicBlock`1.Start()
   at f.Test.Blocks.BlockLogicTest.TestClickTransition() in /Users/djkoehn/Documents/f/test/src/Blocks/BlockLogicTest.cs:line 31
   at System.RuntimeMethodHandle.InvokeMethod(Object target, Void** arguments, Signature sig, Boolean isConstructor)
   at System.Reflection.MethodBaseInvoker.InvokeWithNoArgs(Object obj, BindingFlags invokeAttr)
Info (GoTest): > !! >> Test results: Passed: 0 | Failed: 4 | Skipped: 0
